[0.281s] Invoking command in '/home/gcerioni/ws_ur16/build/ur_controllers': CMAKE_PREFIX_PATH=/home/gcerioni/ws_ur16/install/joint_trajectory_controller:/home/gcerioni/ws_ur16/install/controller_manager:/home/gcerioni/ws_ur16/install/hardware_interface_testing:/home/gcerioni/ws_ur16/install/controller_interface:/home/gcerioni/ws_ur16/install/hardware_interface:/home/gcerioni/ws_ur16/install/control_toolbox:/home/gcerioni/ws_ur16/install/ur_msgs:/home/gcerioni/ws_ur16/install/ur_dashboard_msgs:/home/gcerioni/ws_ur16/install/ros2_control_test_assets:/home/gcerioni/ws_ur16/install/realtime_tools:/home/gcerioni/ws_ur16/install/controller_manager_msgs:/home/gcerioni/ws_ur16/install/control_msgs:/home/gcerioni/ws_ur16/install/ros2_controllers:/home/gcerioni/ws_ur16/install/velocity_controllers:/home/gcerioni/ws_ur16/install/ur_moveit_config:/home/gcerioni/ws_ur16/install/ur_description:/home/gcerioni/ws_ur16/install/ur_client_library:/home/gcerioni/ws_ur16/install/tricycle_steering_controller:/home/gcerioni/ws_ur16/install/tricycle_controller:/home/gcerioni/ws_ur16/install/ros2_control:/home/gcerioni/ws_ur16/install/transmission_interface:/home/gcerioni/ws_ur16/install/bicycle_steering_controller:/home/gcerioni/ws_ur16/install/ackermann_steering_controller:/home/gcerioni/ws_ur16/install/steering_controllers_library:/home/gcerioni/ws_ur16/install/range_sensor_broadcaster:/home/gcerioni/ws_ur16/install/position_controllers:/home/gcerioni/ws_ur16/install/pose_broadcaster:/home/gcerioni/ws_ur16/install/pid_controller:/home/gcerioni/ws_ur16/install/mecanum_drive_controller:/home/gcerioni/ws_ur16/install/joint_state_broadcaster:/home/gcerioni/ws_ur16/install/imu_sensor_broadcaster:/home/gcerioni/ws_ur16/install/gripper_controllers:/home/gcerioni/ws_ur16/install/gpio_controllers:/home/gcerioni/ws_ur16/install/effort_controllers:/home/gcerioni/ws_ur16/install/forward_command_controller:/home/gcerioni/ws_ur16/install/force_torque_sensor_broadcaster:/home/gcerioni/ws_ur16/install/diff_drive_controller:/home/gcerioni/ws_ur16/install/admittance_controller:/home/gcerioni/ws_ur16/install/kinematics_interface_kdl:/home/gcerioni/ws_ur16/install/kinematics_interface:/home/gcerioni/ws_ur16/install/joint_limits:/home/gcerioni/ws_ur16/install/rqt_joint_trajectory_controller:/home/gcerioni/ws_ur16/install/rqt_controller_manager:/home/gcerioni/ws_ur16/install/ros2controlcli:/home/gcerioni/ws_ur16/install/ros2_controllers_test_nodes:/opt/ros/humble LD_LIBRARY_PATH=/home/gcerioni/ws_ur16/install/joint_trajectory_controller/lib:/home/gcerioni/ws_ur16/install/controller_manager/lib:/home/gcerioni/ws_ur16/install/hardware_interface_testing/lib:/home/gcerioni/ws_ur16/install/controller_interface/lib:/home/gcerioni/ws_ur16/install/hardware_interface/lib:/home/gcerioni/ws_ur16/install/control_toolbox/lib:/home/gcerioni/ws_ur16/install/ur_msgs/lib:/home/gcerioni/ws_ur16/install/ur_dashboard_msgs/lib:/home/gcerioni/ws_ur16/install/realtime_tools/lib:/home/gcerioni/ws_ur16/install/controller_manager_msgs/lib:/home/gcerioni/ws_ur16/install/control_msgs/lib:/home/gcerioni/ws_ur16/install/velocity_controllers/lib:/home/gcerioni/ws_ur16/install/ur_client_library/lib:/home/gcerioni/ws_ur16/install/tricycle_steering_controller/lib:/home/gcerioni/ws_ur16/install/tricycle_controller/lib:/home/gcerioni/ws_ur16/install/transmission_interface/lib:/home/gcerioni/ws_ur16/install/bicycle_steering_controller/lib:/home/gcerioni/ws_ur16/install/ackermann_steering_controller/lib:/home/gcerioni/ws_ur16/install/steering_controllers_library/lib:/home/gcerioni/ws_ur16/install/range_sensor_broadcaster/lib:/home/gcerioni/ws_ur16/install/position_controllers/lib:/home/gcerioni/ws_ur16/install/pose_broadcaster/lib:/home/gcerioni/ws_ur16/install/pid_controller/lib:/home/gcerioni/ws_ur16/install/mecanum_drive_controller/lib:/home/gcerioni/ws_ur16/install/joint_state_broadcaster/lib:/home/gcerioni/ws_ur16/install/imu_sensor_broadcaster/lib:/home/gcerioni/ws_ur16/install/gripper_controllers/lib:/home/gcerioni/ws_ur16/install/gpio_controllers/lib:/home/gcerioni/ws_ur16/install/effort_controllers/lib:/home/gcerioni/ws_ur16/install/forward_command_controller/lib:/home/gcerioni/ws_ur16/install/force_torque_sensor_broadcaster/lib:/home/gcerioni/ws_ur16/install/diff_drive_controller/lib:/home/gcerioni/ws_ur16/install/admittance_controller/lib:/home/gcerioni/ws_ur16/install/kinematics_interface_kdl/lib:/home/gcerioni/ws_ur16/install/kinematics_interface/lib:/home/gcerioni/ws_ur16/install/joint_limits/lib:/opt/ros/humble/opt/rviz_ogre_vendor/lib:/opt/ros/humble/lib/x86_64-linux-gnu:/opt/ros/humble/lib /usr/bin/cmake --build /home/gcerioni/ws_ur16/build/ur_controllers -- -j8 -l8
[0.722s] -- Found ament_cmake: 1.3.11 (/opt/ros/humble/share/ament_cmake/cmake)
[0.997s] -- Found angles: 1.15.0 (/opt/ros/humble/share/angles/cmake)
[1.000s] -- Found controller_interface: 2.47.0 (/opt/ros/humble/share/controller_interface/cmake)
[1.066s] -- Found rosidl_generator_c: 3.1.6 (/opt/ros/humble/share/rosidl_generator_c/cmake)
[1.074s] -- Found rosidl_adapter: 3.1.6 (/opt/ros/humble/share/rosidl_adapter/cmake)
[1.082s] -- Found rosidl_generator_cpp: 3.1.6 (/opt/ros/humble/share/rosidl_generator_cpp/cmake)
[1.112s] -- Using all available rosidl_typesupport_c: rosidl_typesupport_fastrtps_c;rosidl_typesupport_introspection_c
[1.156s] -- Using all available rosidl_typesupport_cpp: rosidl_typesupport_fastrtps_cpp;rosidl_typesupport_introspection_cpp
[1.491s] -- Found rmw_implementation_cmake: 6.1.2 (/opt/ros/humble/share/rmw_implementation_cmake/cmake)
[1.494s] -- Found rmw_fastrtps_cpp: 6.2.7 (/opt/ros/humble/share/rmw_fastrtps_cpp/cmake)
[1.516s] -- Found TinyXML2 via Config file: TinyXML2_DIR-NOTFOUND
[1.529s] -- Found TinyXML2 via Config file: TinyXML2_DIR-NOTFOUND
[1.558s] -- Found TinyXML2 via Config file: TinyXML2_DIR-NOTFOUND
[1.572s] -- Found TinyXML2 via Config file: TinyXML2_DIR-NOTFOUND
[1.594s] -- Using RMW implementation 'rmw_fastrtps_cpp' as default
[1.685s] -- Found joint_trajectory_controller: 2.41.0 (/opt/ros/humble/share/joint_trajectory_controller/cmake)
[1.795s] -- Found std_srvs: 4.2.4 (/opt/ros/humble/share/std_srvs/cmake)
[1.815s] -- Found tf2_geometry_msgs: 0.25.11 (/opt/ros/humble/share/tf2_geometry_msgs/cmake)
[1.815s] -- Found eigen3_cmake_module: 0.1.1 (/opt/ros/humble/share/eigen3_cmake_module/cmake)
[1.820s] -- Ensuring Eigen3 include directory is part of orocos-kdl CMake target
[1.942s] -- Found ur_dashboard_msgs: 2.6.0 (/home/gcerioni/ws_ur16/install/ur_dashboard_msgs/share/ur_dashboard_msgs/cmake)
[1.986s] -- Found ur_msgs: 2.1.0 (/opt/ros/humble/share/ur_msgs/cmake)
[2.190s] -- Found ament_cmake_gmock: 1.3.11 (/opt/ros/humble/share/ament_cmake_gmock/cmake)
[2.191s] -- Found controller_manager: 2.47.0 (/opt/ros/humble/share/controller_manager/cmake)
[2.258s] -- Found ros2_control_test_assets: 2.47.0 (/opt/ros/humble/share/ros2_control_test_assets/cmake)
[2.260s] -- Found gmock sources under '/opt/ros/humble/src/gmock_vendor': C++ tests using 'Google Mock' will be built
[2.264s] -- Found ament_cmake_gtest: 1.3.11 (/opt/ros/humble/share/ament_cmake_gtest/cmake)
[2.266s] -- Found gtest sources under '/opt/ros/humble/src/gtest_vendor': C++ tests using 'Google Test' will be built
[2.520s] -- Configuring done
[2.732s] -- Generating done
[2.763s] -- Build files have been written to: /home/gcerioni/ws_ur16/build/ur_controllers
[2.892s] [35m[1mConsolidate compiler generated dependencies of target gmock_main[0m
[2.892s] [  6%] Built target speed_scaling_state_broadcaster_parameters
[2.913s] [ 12%] Built target force_mode_controller_parameters
[2.913s] [ 19%] Built target scaled_joint_trajectory_controller_parameters
[2.914s] [ 25%] Built target passthrough_trajectory_controller_parameters
[2.917s] [ 32%] Built target gpio_controller_parameters
[2.931s] [ 38%] Built target ur_configuration_controller_parameters
[2.931s] [ 45%] Built target freedrive_mode_controller_parameters
[2.946s] [35m[1mConsolidate compiler generated dependencies of target gmock[0m
[2.952s] [ 48%] [32mBuilding CXX object gmock/CMakeFiles/gmock_main.dir/src/gmock_main.cc.o[0m
[2.995s] [35m[1mConsolidate compiler generated dependencies of target ur_controllers[0m
[3.009s] [ 51%] [32mBuilding CXX object gmock/CMakeFiles/gmock.dir/opt/ros/humble/src/gtest_vendor/src/gtest-all.cc.o[0m
[3.012s] [ 54%] [32mBuilding CXX object gmock/CMakeFiles/gmock.dir/src/gmock-all.cc.o[0m
[3.126s] [ 58%] [32mBuilding CXX object CMakeFiles/ur_controllers.dir/src/force_mode_controller.cpp.o[0m
[3.146s] [ 61%] [32mBuilding CXX object CMakeFiles/ur_controllers.dir/src/scaled_joint_trajectory_controller.cpp.o[0m
[3.164s] [ 64%] [32mBuilding CXX object CMakeFiles/ur_controllers.dir/src/freedrive_mode_controller.cpp.o[0m
[3.166s] [ 67%] [32mBuilding CXX object CMakeFiles/ur_controllers.dir/src/speed_scaling_state_broadcaster.cpp.o[0m
[3.179s] [ 70%] [32mBuilding CXX object CMakeFiles/ur_controllers.dir/src/gpio_controller.cpp.o[0m
[8.254s] [ 74%] [32m[1mLinking CXX static library libgmock_main.a[0m
[8.510s] [ 74%] Built target gmock_main
[8.553s] [ 77%] [32mBuilding CXX object CMakeFiles/ur_controllers.dir/src/passthrough_trajectory_controller.cpp.o[0m
[12.256s] [ 80%] [32mBuilding CXX object CMakeFiles/ur_controllers.dir/src/ur_configuration_controller.cpp.o[0m
[13.526s] In file included from [01m[K/home/gcerioni/ws_ur16/src/Universal_Robots_ROS2_Driver/ur_controllers/src/ur_configuration_controller.cpp:41[m[K:
[13.527s] [01m[K/home/gcerioni/ws_ur16/src/Universal_Robots_ROS2_Driver/ur_controllers/include/ur_controllers/ur_configuration_controller.hpp:50:10:[m[K [01;31m[Kfatal error: [m[Krealtime_tools/realtime_tools/realtime_box_best_effort.hpp: No such file or directory
[13.527s]    50 | #include [01;31m[K<realtime_tools/realtime_tools/realtime_box_best_effort.hpp>[m[K
[13.528s]       |          [01;31m[K^~~~~~~~~~~~~~~~~~~~~~~~~~~~~~~~~~~~~~~~~~~~~~~~~~~~~~~~~~~~[m[K
[13.529s] compilation terminated.
[13.538s] gmake[2]: *** [CMakeFiles/ur_controllers.dir/build.make:160: CMakeFiles/ur_controllers.dir/src/ur_configuration_controller.cpp.o] Error 1
[13.538s] gmake[2]: *** Waiting for unfinished jobs....
[20.641s] [ 83%] [32m[1mLinking CXX static library libgmock.a[0m
[20.768s] [ 83%] Built target gmock
[29.588s] gmake[1]: *** [CMakeFiles/Makefile2:380: CMakeFiles/ur_controllers.dir/all] Error 2
[29.588s] gmake: *** [Makefile:146: all] Error 2
[29.592s] Invoked command in '/home/gcerioni/ws_ur16/build/ur_controllers' returned '2': CMAKE_PREFIX_PATH=/home/gcerioni/ws_ur16/install/joint_trajectory_controller:/home/gcerioni/ws_ur16/install/controller_manager:/home/gcerioni/ws_ur16/install/hardware_interface_testing:/home/gcerioni/ws_ur16/install/controller_interface:/home/gcerioni/ws_ur16/install/hardware_interface:/home/gcerioni/ws_ur16/install/control_toolbox:/home/gcerioni/ws_ur16/install/ur_msgs:/home/gcerioni/ws_ur16/install/ur_dashboard_msgs:/home/gcerioni/ws_ur16/install/ros2_control_test_assets:/home/gcerioni/ws_ur16/install/realtime_tools:/home/gcerioni/ws_ur16/install/controller_manager_msgs:/home/gcerioni/ws_ur16/install/control_msgs:/home/gcerioni/ws_ur16/install/ros2_controllers:/home/gcerioni/ws_ur16/install/velocity_controllers:/home/gcerioni/ws_ur16/install/ur_moveit_config:/home/gcerioni/ws_ur16/install/ur_description:/home/gcerioni/ws_ur16/install/ur_client_library:/home/gcerioni/ws_ur16/install/tricycle_steering_controller:/home/gcerioni/ws_ur16/install/tricycle_controller:/home/gcerioni/ws_ur16/install/ros2_control:/home/gcerioni/ws_ur16/install/transmission_interface:/home/gcerioni/ws_ur16/install/bicycle_steering_controller:/home/gcerioni/ws_ur16/install/ackermann_steering_controller:/home/gcerioni/ws_ur16/install/steering_controllers_library:/home/gcerioni/ws_ur16/install/range_sensor_broadcaster:/home/gcerioni/ws_ur16/install/position_controllers:/home/gcerioni/ws_ur16/install/pose_broadcaster:/home/gcerioni/ws_ur16/install/pid_controller:/home/gcerioni/ws_ur16/install/mecanum_drive_controller:/home/gcerioni/ws_ur16/install/joint_state_broadcaster:/home/gcerioni/ws_ur16/install/imu_sensor_broadcaster:/home/gcerioni/ws_ur16/install/gripper_controllers:/home/gcerioni/ws_ur16/install/gpio_controllers:/home/gcerioni/ws_ur16/install/effort_controllers:/home/gcerioni/ws_ur16/install/forward_command_controller:/home/gcerioni/ws_ur16/install/force_torque_sensor_broadcaster:/home/gcerioni/ws_ur16/install/diff_drive_controller:/home/gcerioni/ws_ur16/install/admittance_controller:/home/gcerioni/ws_ur16/install/kinematics_interface_kdl:/home/gcerioni/ws_ur16/install/kinematics_interface:/home/gcerioni/ws_ur16/install/joint_limits:/home/gcerioni/ws_ur16/install/rqt_joint_trajectory_controller:/home/gcerioni/ws_ur16/install/rqt_controller_manager:/home/gcerioni/ws_ur16/install/ros2controlcli:/home/gcerioni/ws_ur16/install/ros2_controllers_test_nodes:/opt/ros/humble LD_LIBRARY_PATH=/home/gcerioni/ws_ur16/install/joint_trajectory_controller/lib:/home/gcerioni/ws_ur16/install/controller_manager/lib:/home/gcerioni/ws_ur16/install/hardware_interface_testing/lib:/home/gcerioni/ws_ur16/install/controller_interface/lib:/home/gcerioni/ws_ur16/install/hardware_interface/lib:/home/gcerioni/ws_ur16/install/control_toolbox/lib:/home/gcerioni/ws_ur16/install/ur_msgs/lib:/home/gcerioni/ws_ur16/install/ur_dashboard_msgs/lib:/home/gcerioni/ws_ur16/install/realtime_tools/lib:/home/gcerioni/ws_ur16/install/controller_manager_msgs/lib:/home/gcerioni/ws_ur16/install/control_msgs/lib:/home/gcerioni/ws_ur16/install/velocity_controllers/lib:/home/gcerioni/ws_ur16/install/ur_client_library/lib:/home/gcerioni/ws_ur16/install/tricycle_steering_controller/lib:/home/gcerioni/ws_ur16/install/tricycle_controller/lib:/home/gcerioni/ws_ur16/install/transmission_interface/lib:/home/gcerioni/ws_ur16/install/bicycle_steering_controller/lib:/home/gcerioni/ws_ur16/install/ackermann_steering_controller/lib:/home/gcerioni/ws_ur16/install/steering_controllers_library/lib:/home/gcerioni/ws_ur16/install/range_sensor_broadcaster/lib:/home/gcerioni/ws_ur16/install/position_controllers/lib:/home/gcerioni/ws_ur16/install/pose_broadcaster/lib:/home/gcerioni/ws_ur16/install/pid_controller/lib:/home/gcerioni/ws_ur16/install/mecanum_drive_controller/lib:/home/gcerioni/ws_ur16/install/joint_state_broadcaster/lib:/home/gcerioni/ws_ur16/install/imu_sensor_broadcaster/lib:/home/gcerioni/ws_ur16/install/gripper_controllers/lib:/home/gcerioni/ws_ur16/install/gpio_controllers/lib:/home/gcerioni/ws_ur16/install/effort_controllers/lib:/home/gcerioni/ws_ur16/install/forward_command_controller/lib:/home/gcerioni/ws_ur16/install/force_torque_sensor_broadcaster/lib:/home/gcerioni/ws_ur16/install/diff_drive_controller/lib:/home/gcerioni/ws_ur16/install/admittance_controller/lib:/home/gcerioni/ws_ur16/install/kinematics_interface_kdl/lib:/home/gcerioni/ws_ur16/install/kinematics_interface/lib:/home/gcerioni/ws_ur16/install/joint_limits/lib:/opt/ros/humble/opt/rviz_ogre_vendor/lib:/opt/ros/humble/lib/x86_64-linux-gnu:/opt/ros/humble/lib /usr/bin/cmake --build /home/gcerioni/ws_ur16/build/ur_controllers -- -j8 -l8
